Basic Loop
0
1
2
3
4
5
6
7
8
9

Loop through each number   const auto& number
1
2
3
4
5
6

Loop through each number   auto& number and add 10
0x5f20092bd2c0   11
0x5f20092bd2d4   16

Loop through each number   iterator
Add 10 to each
Print out
0x7ffec085c430      0x5f20092bd2c0      21
0x7ffec085c430      0x5f20092bd2c4      22
0x7ffec085c430      0x5f20092bd2c8      23
0x7ffec085c430      0x5f20092bd2cc      24
0x7ffec085c430      0x5f20092bd2d0      25
0x7ffec085c430      0x5f20092bd2d4      26

