

=============================================
Reserve space.
=============================================
Reserve space.
Size of vector:1000


=============================================
Reserve space.
=============================================
Before
  Size of vector:       0
  Capacity of vector:   1000
After
  Size of vector:       1000
  Capacity of vector:   1000


=============================================
Reserve space.
=============================================
Before
  Size of vector:       0
  Capacity of vector:   1000
After
  Size of vector:       100
  Capacity of vector:   1000
After
  Size of vector:       100
  Capacity of vector:   100
End of vector reserve tutorial.
