 
:: initializing oneAPI environment ...
   build_gpu.sh: BASH_VERSION = 5.1.16(1)-release
   args: Using "$@" for setvars.sh arguments: 
:: advisor -- latest
:: ccl -- latest
:: compiler -- latest
:: dal -- latest
:: debugger -- latest
:: dev-utilities -- latest
:: dnnl -- latest
:: dpcpp-ct -- latest
:: dpl -- latest
:: ipp -- latest
:: ippcp -- latest
:: mkl -- latest
:: mpi -- latest
:: pti -- latest
:: tbb -- latest
:: umf -- latest
:: vtune -- latest
:: oneAPI environment initialized ::
 
bindings.cpp:1:10: fatal error: 'pybind11/pybind11.h' file not found
    1 | #include <pybind11/pybind11.h>
      |          ^~~~~~~~~~~~~~~~~~~~~
1 error generated.
ERROR on line 18 (exit code 1)
