Basic Loop
0
1
2
3
4
5
6
7
8
9

Loop through each number   const auto& number
1
2
3
4
5
6

Loop through each number   auto& number and add 10
0x5fb254c982c0   11
0x5fb254c982d4   16

Loop through each number   iterator
Add 10 to each
Print out
0x7ffeacd0fed0      0x5fb254c982c0      21
0x7ffeacd0fed0      0x5fb254c982c4      22
0x7ffeacd0fed0      0x5fb254c982c8      23
0x7ffeacd0fed0      0x5fb254c982cc      24
0x7ffeacd0fed0      0x5fb254c982d0      25
0x7ffeacd0fed0      0x5fb254c982d4      26

